; in: DEFUN |_emptyset|
;     (SB-INT:NAMED-LAMBDA PVS::|_emptyset|
;         (PVS::|x|)
;       (BLOCK PVS::|_emptyset| (THE BOOLEAN NIL)))
; ==>
;   #'(SB-INT:NAMED-LAMBDA PVS::|_emptyset|
;         (PVS::|x|)
;       (BLOCK PVS::|_emptyset| (THE BOOLEAN NIL)))
; 
; caught STYLE-WARNING:
;   The variable |x| is defined but never used.
; 
; compilation unit finished
;   caught 1 STYLE-WARNING condition
; in: DEFUN |emptyset!|
;     (SB-INT:NAMED-LAMBDA PVS::|emptyset!|
;         (PVS::|x|)
;       (BLOCK PVS::|emptyset!| (THE BOOLEAN NIL)))
; ==>
;   #'(SB-INT:NAMED-LAMBDA PVS::|emptyset!|
;         (PVS::|x|)
;       (BLOCK PVS::|emptyset!| (THE BOOLEAN NIL)))
; 
; caught STYLE-WARNING:
;   The variable |x| is defined but never used.
; 
; compilation unit finished
;   caught 1 STYLE-WARNING condition
; in: DEFUN |emptyset|
;     #'(LAMBDA (PVS::|x|) (THE BOOLEAN NIL))
; 
; caught STYLE-WARNING:
;   The variable |x| is defined but never used.
; 
; compilation unit finished
;   caught 1 STYLE-WARNING condition
; in: DEFUN |_list2set|
;     (PVS::PVS-FUNCALL (PVS::|add|)
;                       (THE (SIMPLE-ARRAY T)
;                            (PVS::PVS2CL_TUPLE
;                             (PVS::|pvs_car| (THE LIST PVS::|l|))
;                             (PVS::|_list2set| (THE LIST #)))))
; --> LET IF 
; ==>
;   (AREF PVS::T58
;         (THE (SIMPLE-ARRAY T)
;              (PVS::PVS2CL_TUPLE (PVS::|pvs_car| (THE LIST PVS::|l|))
;                                 (PVS::|_list2set| (THE LIST #)))))
; 
; caught WARNING:
;   Asserted type (MOD 1152921504606846973) conflicts with derived type
;   (VALUES (SIMPLE-VECTOR 2) &OPTIONAL).
;   See also:
;     The SBCL Manual, Node "Handling of Types"
; 
; compilation unit finished
;   caught 1 WARNING condition
; in: DEFUN |list2set!|
;     (PVS::PVS-FUNCALL (PVS::|add|)
;                       (THE (SIMPLE-ARRAY T)
;                            (PVS::PVS2CL_TUPLE
;                             (PVS::|pvs_car| (THE LIST PVS::|l|))
;                             (PVS::|list2set!| (THE LIST #)))))
; --> LET IF 
; ==>
;   (AREF PVS::T59
;         (THE (SIMPLE-ARRAY T)
;              (PVS::PVS2CL_TUPLE (PVS::|pvs_car| (THE LIST PVS::|l|))
;                                 (PVS::|list2set!| (THE LIST #)))))
; 
; caught WARNING:
;   Asserted type (MOD 1152921504606846973) conflicts with derived type
;   (VALUES (SIMPLE-VECTOR 2) &OPTIONAL).
;   See also:
;     The SBCL Manual, Node "Handling of Types"
; 
; compilation unit finished
;   caught 1 WARNING condition
; in: DEFUN |list2set|
;     (PVS::PVS-FUNCALL (PVS::|add|)
;                       (THE (SIMPLE-ARRAY T)
;                            (PVS::PVS2CL_TUPLE
;                             (PVS::|pvs_car| (THE LIST PVS::|l|))
;                             (PVS::|_list2set| (THE LIST #)))))
; --> LET IF 
; ==>
;   (AREF PVS::T60
;         (THE (SIMPLE-ARRAY T)
;              (PVS::PVS2CL_TUPLE (PVS::|pvs_car| (THE LIST PVS::|l|))
;                                 (PVS::|_list2set| (THE LIST #)))))
; 
; caught WARNING:
;   Asserted type (MOD 1152921504606846973) conflicts with derived type
;   (VALUES (SIMPLE-VECTOR 2) &OPTIONAL).
;   See also:
;     The SBCL Manual, Node "Handling of Types"
; 
; compilation unit finished
;   caught 1 WARNING condition
; in: THE BOOLEAN
;     (PVS::PVS-FUNCALL (PVS::|list2set!| (THE LIST NIL))
;                       (THE LIST (PVS::|pvs__cons| 1 (THE LIST NIL))))
; --> LET IF 
; ==>
;   (AREF PVS::T61 (THE LIST (PVS::|pvs__cons| 1 (THE LIST NIL))))
; 
; caught WARNING:
;   Asserted type (MOD 1152921504606846973) conflicts with derived type
;   (VALUES CONS &OPTIONAL).
;   See also:
;     The SBCL Manual, Node "Handling of Types"
; 
; compilation unit finished
;   caught 1 WARNING condition
